
===========================================
Mon Nov 15 14:36:32 UTC 2021
===========================================
SITE_URL: https://jukebox.pipecraft.net
SITEMAP_URL: https://jukebox.pipecraft.net/sitemap.xml
Get sitemap https://jukebox.pipecraft.net/sitemap.xml

Submit ./urls-aa
  % Total    % Received % Xferd  Average Speed   Time    Time     Time  Current
                                 Dload  Upload   Total   Spent    Left  Speed
  0     0    0     0    0     0      0      0 --:--:-- --:--:-- --:--:--     0  0     0    0     0    0     0      0      0 --:--:-- --:--:-- --:--:--     0100  3616    0     0  100  3616      0   1943  0:00:01  0:00:01 --:--:--  1941100  3644  100    28  100  3616     11   1515  0:00:02  0:00:02 --:--:--  1527
{"remain":2893,"success":96}Done!

===========================================
Tue Nov 16 06:20:59 UTC 2021
===========================================
SITE_URL: https://jukebox.pipecraft.net
SITEMAP_URL: https://jukebox.pipecraft.net/sitemap.xml
Get sitemap https://jukebox.pipecraft.net/sitemap.xml

Submit ./urls-aa
  % Total    % Received % Xferd  Average Speed   Time    Time     Time  Current
                                 Dload  Upload   Total   Spent    Left  Speed
  0     0    0     0    0     0      0      0 --:--:-- --:--:-- --:--:--     0  0  3656    0     0    0     0      0      0 --:--:-- --:--:-- --:--:--     0100  3684  100    28  100  3656     25   3351  0:00:01  0:00:01 --:--:--  3376
{"remain":2903,"success":97}Done!

===========================================
Wed Nov 17 06:23:10 UTC 2021
===========================================
SITE_URL: https://jukebox.pipecraft.net
SITEMAP_URL: https://jukebox.pipecraft.net/sitemap.xml
Get sitemap https://jukebox.pipecraft.net/sitemap.xml

Submit ./urls-aa
  % Total    % Received % Xferd  Average Speed   Time    Time     Time  Current
                                 Dload  Upload   Total   Spent    Left  Speed
  0     0    0     0    0     0      0      0 --:--:-- --:--:-- --:--:--     0  0     0    0     0    0     0      0      0 --:--:-- --:--:-- --:--:--     0100  3684  100    28  100  3656     19   2490  0:00:01  0:00:01 --:--:--  2509
{"remain":2903,"success":97}Done!

===========================================
Thu Nov 18 06:22:49 UTC 2021
===========================================
SITE_URL: https://jukebox.pipecraft.net
SITEMAP_URL: https://jukebox.pipecraft.net/sitemap.xml
Get sitemap https://jukebox.pipecraft.net/sitemap.xml

Submit ./urls-aa
  % Total    % Received % Xferd  Average Speed   Time    Time     Time  Current
                                 Dload  Upload   Total   Spent    Left  Speed
  0     0    0     0    0     0      0      0 --:--:-- --:--:-- --:--:--     0  0     0    0     0    0     0      0      0 --:--:-- --:--:-- --:--:--     0  0  3691    0     0    0     0      0      0 --:--:--  0:00:01 --:--:--     0100  3691    0     0  100  3691      0   1307  0:00:02  0:00:02 --:--:--  1307100  3691    0     0  100  3691      0    965  0:00:03  0:00:03 --:--:--   965100  3719  100    28  100  3691      7    934  0:00:04  0:00:03  0:00:01   941
{"remain":2902,"success":98}Done!
